<?xml version="1.0" encoding="UTF-8"?>
<testng-results skipped="0" failed="0" total="1" passed="1">
  <reporter-output>
  </reporter-output>
  <suite name="Suite" duration-ms="40990" started-at="2021-10-16T15:17:48Z" finished-at="2021-10-16T15:18:29Z">
    <groups>
    </groups>
    <test name="Test" duration-ms="40990" started-at="2021-10-16T15:17:48Z" finished-at="2021-10-16T15:18:29Z">
      <class name="mil.dtic.selenium.RunTest">
        <test-method status="PASS" signature="beforeClass()[pri:0, instance:mil.dtic.selenium.RunTest@50c87b21]" name="beforeClass" is-config="true" duration-ms="861" started-at="2021-10-16T11:17:48Z" finished-at="2021-10-16T11:17:49Z">
          <reporter-output>
          </reporter-output>
        </test-method> <!-- beforeClass -->
        <test-method status="PASS" signature="readExcel()[pri:0, instance:mil.dtic.selenium.RunTest@50c87b21]" name="readExcel" duration-ms="39053" started-at="2021-10-16T11:17:49Z" finished-at="2021-10-16T11:18:28Z">
          <reporter-output>
          </reporter-output>
        </test-method> <!-- readExcel -->
        <test-method status="PASS" signature="afterClass()[pri:0, instance:mil.dtic.selenium.RunTest@50c87b21]" name="afterClass" is-config="true" duration-ms="1066" started-at="2021-10-16T11:18:28Z" finished-at="2021-10-16T11:18:29Z">
          <reporter-output>
          </reporter-output>
        </test-method> <!-- afterClass -->
      </class> <!-- mil.dtic.selenium.RunTest -->
    </test> <!-- Test -->
  </suite> <!-- Suite -->
</testng-results>
